c:\users\sergi\source\repos\compilerui\x86\intermediate\release\compilerx86.pch
c:\users\sergi\source\repos\compilerui\x86\intermediate\release\vc141.pdb
c:\users\sergi\source\repos\compilerui\x86\intermediate\release\stdafx.obj
c:\users\sergi\source\repos\compilerui\x86\intermediate\release\syntax_state_var.obj
c:\users\sergi\source\repos\compilerui\x86\intermediate\release\syntax_state_type.obj
c:\users\sergi\source\repos\compilerui\x86\intermediate\release\syntax_state_params.obj
c:\users\sergi\source\repos\compilerui\x86\intermediate\release\syntax_state_mainparams.obj
c:\users\sergi\source\repos\compilerui\x86\intermediate\release\syntax_state_main.obj
c:\users\sergi\source\repos\compilerui\x86\intermediate\release\syntax_state_function_block.obj
c:\users\sergi\source\repos\compilerui\x86\intermediate\release\syntax_state_function.obj
c:\users\sergi\source\repos\compilerui\x86\intermediate\release\syntax_state_dimension.obj
c:\users\sergi\source\repos\compilerui\x86\intermediate\release\syntax_state_blockvar.obj
c:\users\sergi\source\repos\compilerui\x86\intermediate\release\syntax_state.obj
c:\users\sergi\source\repos\compilerui\x86\intermediate\release\syntaxanalysis.obj
c:\users\sergi\source\repos\compilerui\x86\intermediate\release\syntas_state_program.obj
c:\users\sergi\source\repos\compilerui\x86\intermediate\release\symboltable.obj
c:\users\sergi\source\repos\compilerui\x86\intermediate\release\semanticanalysis.obj
c:\users\sergi\source\repos\compilerui\x86\intermediate\release\localnode.obj
c:\users\sergi\source\repos\compilerui\x86\intermediate\release\lexanalyzer.obj
c:\users\sergi\source\repos\compilerui\x86\intermediate\release\globalnode.obj
c:\users\sergi\source\repos\compilerui\x86\intermediate\release\errorsmodule.obj
c:\users\sergi\source\repos\compilerui\x86\intermediate\release\compiler.obj
c:\users\sergi\source\repos\compilerui\x86\intermediate\release\assemblyinfo.obj
c:\users\sergi\source\repos\compilerui\x86\intermediate\release\token.obj
c:\users\sergi\source\repos\compilerui\x86\intermediate\release\.netframework,version=v4.5.assemblyattributes.obj
c:\users\sergi\source\repos\compilerui\x86\intermediate\release\.netframework,version=v4.5.assemblyattributes.asm
c:\users\sergi\source\repos\compilerui\x86\exe\release\compilerx86.dll
c:\users\sergi\source\repos\compilerui\x86\exe\release\compilerx86.pdb
c:\users\sergi\source\repos\compilerui\x86\intermediate\release\app.res
c:\users\sergi\source\repos\compilerui\x86\intermediate\release\compiler.tlog\cl.command.1.tlog
c:\users\sergi\source\repos\compilerui\x86\intermediate\release\compiler.tlog\cl.read.1.tlog
c:\users\sergi\source\repos\compilerui\x86\intermediate\release\compiler.tlog\cl.write.1.tlog
c:\users\sergi\source\repos\compilerui\x86\intermediate\release\compiler.tlog\link.command.1.tlog
c:\users\sergi\source\repos\compilerui\x86\intermediate\release\compiler.tlog\link.read.1.tlog
c:\users\sergi\source\repos\compilerui\x86\intermediate\release\compiler.tlog\link.write.1.tlog
c:\users\sergi\source\repos\compilerui\x86\intermediate\release\compiler.tlog\metagen.read.1.tlog
c:\users\sergi\source\repos\compilerui\x86\intermediate\release\compiler.tlog\metagen.write.1.tlog
c:\users\sergi\source\repos\compilerui\x86\intermediate\release\compiler.tlog\rc.command.1.tlog
c:\users\sergi\source\repos\compilerui\x86\intermediate\release\compiler.tlog\rc.read.1.tlog
c:\users\sergi\source\repos\compilerui\x86\intermediate\release\compiler.tlog\rc.write.1.tlog
