c:\users\sergi\source\repos\compilerui\x64\intermediate\release\compilerx64.pch
c:\users\sergi\source\repos\compilerui\x64\intermediate\release\vc141.pdb
c:\users\sergi\source\repos\compilerui\x64\intermediate\release\stdafx.obj
c:\users\sergi\source\repos\compilerui\x64\intermediate\release\token.obj
c:\users\sergi\source\repos\compilerui\x64\intermediate\release\lexanalyzer.obj
c:\users\sergi\source\repos\compilerui\x64\intermediate\release\errorsmodule.obj
c:\users\sergi\source\repos\compilerui\x64\intermediate\release\compiler.obj
c:\users\sergi\source\repos\compilerui\x64\intermediate\release\assemblyinfo.obj
c:\users\sergi\source\repos\compilerui\x64\intermediate\release\.netframework,version=v4.5.assemblyattributes.obj
c:\users\sergi\source\repos\compilerui\x64\intermediate\release\.netframework,version=v4.5.assemblyattributes.asm
c:\users\sergi\source\repos\compilerui\x64\exe\release\compilerx64.dll
c:\users\sergi\source\repos\compilerui\x64\exe\release\compilerx64.pdb
c:\users\sergi\source\repos\compilerui\x64\intermediate\release\app.res
c:\users\sergi\source\repos\compilerui\x64\intermediate\release\compiler.tlog\cl.command.1.tlog
c:\users\sergi\source\repos\compilerui\x64\intermediate\release\compiler.tlog\cl.read.1.tlog
c:\users\sergi\source\repos\compilerui\x64\intermediate\release\compiler.tlog\cl.write.1.tlog
c:\users\sergi\source\repos\compilerui\x64\intermediate\release\compiler.tlog\link.command.1.tlog
c:\users\sergi\source\repos\compilerui\x64\intermediate\release\compiler.tlog\link.read.1.tlog
c:\users\sergi\source\repos\compilerui\x64\intermediate\release\compiler.tlog\link.write.1.tlog
c:\users\sergi\source\repos\compilerui\x64\intermediate\release\compiler.tlog\metagen.read.1.tlog
c:\users\sergi\source\repos\compilerui\x64\intermediate\release\compiler.tlog\metagen.write.1.tlog
c:\users\sergi\source\repos\compilerui\x64\intermediate\release\compiler.tlog\rc.command.1.tlog
c:\users\sergi\source\repos\compilerui\x64\intermediate\release\compiler.tlog\rc.read.1.tlog
c:\users\sergi\source\repos\compilerui\x64\intermediate\release\compiler.tlog\rc.write.1.tlog
