  stdafx.cpp
  AssemblyInfo.cpp
  Compiler.cpp
  ErrorsModule.cpp
c:\users\sergi\source\repos\compiler\compiler\errorsmodule.cpp(24): warning C4551: la llamada a la función no tiene lista de argumentos
  GlobalNode.cpp
  LexAnalyzer.cpp
  LocalNode.cpp
  SemanticAnalysis.cpp
  SymbolTable.cpp
  Syntas_State_Program.cpp
  SyntaxAnalysis.cpp
  Syntax_State.cpp
  Syntax_State_BlockVar.cpp
  Syntax_State_Dimension.cpp
  Syntax_State_Function.cpp
  Syntax_State_Function_Block.cpp
  Syntax_State_Main.cpp
  Syntax_State_MainParams.cpp
  Syntax_State_Params.cpp
  Syntax_State_Type.cpp
  Syntax_State_Var.cpp
  Generando código...
  Compilando...
  Token.cpp
  Generando código...
  .NETFramework,Version=v4.5.AssemblyAttributes.cpp
  AssemblyInfo.obj : se encontró un módulo MSIL; vinculación incremental deshabilitada para MSIL; ejecutando vínculo completo
  Compiler.vcxproj -> C:\Users\sergi\source\repos\compilerUI\x64\Exe\Debug\Compilerx64d.dll
