c:\users\sergi\source\repos\compilerui\x64\intermediate\debug\compilerx64d.pch
c:\users\sergi\source\repos\compilerui\x64\intermediate\debug\vc141.pdb
c:\users\sergi\source\repos\compilerui\x64\intermediate\debug\stdafx.obj
c:\users\sergi\source\repos\compilerui\x64\intermediate\debug\token.obj
c:\users\sergi\source\repos\compilerui\x64\intermediate\debug\lexanalyzer.obj
c:\users\sergi\source\repos\compilerui\x64\intermediate\debug\errorsmodule.obj
c:\users\sergi\source\repos\compilerui\x64\intermediate\debug\compiler.obj
c:\users\sergi\source\repos\compilerui\x64\intermediate\debug\assemblyinfo.obj
c:\users\sergi\source\repos\compilerui\x64\intermediate\debug\.netframework,version=v4.5.assemblyattributes.obj
c:\users\sergi\source\repos\compilerui\x64\intermediate\debug\.netframework,version=v4.5.assemblyattributes.asm
c:\users\sergi\source\repos\compilerui\x64\exe\debug\compilerx64d.dll
c:\users\sergi\source\repos\compilerui\x64\exe\debug\compilerx64d.pdb
c:\users\sergi\source\repos\compilerui\x64\intermediate\debug\app.res
c:\users\sergi\source\repos\compilerui\x64\intermediate\debug\compiler.vcxprojassemblyreference.cache
c:\users\sergi\source\repos\compilerui\x64\intermediate\debug\compiler.tlog\cl.command.1.tlog
c:\users\sergi\source\repos\compilerui\x64\intermediate\debug\compiler.tlog\cl.read.1.tlog
c:\users\sergi\source\repos\compilerui\x64\intermediate\debug\compiler.tlog\cl.write.1.tlog
c:\users\sergi\source\repos\compilerui\x64\intermediate\debug\compiler.tlog\link.command.1.tlog
c:\users\sergi\source\repos\compilerui\x64\intermediate\debug\compiler.tlog\link.read.1.tlog
c:\users\sergi\source\repos\compilerui\x64\intermediate\debug\compiler.tlog\link.write.1.tlog
c:\users\sergi\source\repos\compilerui\x64\intermediate\debug\compiler.tlog\metagen.read.1.tlog
c:\users\sergi\source\repos\compilerui\x64\intermediate\debug\compiler.tlog\metagen.write.1.tlog
c:\users\sergi\source\repos\compilerui\x64\intermediate\debug\compiler.tlog\rc.command.1.tlog
c:\users\sergi\source\repos\compilerui\x64\intermediate\debug\compiler.tlog\rc.read.1.tlog
c:\users\sergi\source\repos\compilerui\x64\intermediate\debug\compiler.tlog\rc.write.1.tlog
